<?xml version="1.0" encoding="UTF-8"?>
<testsuites name="Test Suite 02" time="7.529" tests="1" failures="0" errors="0">
   <testsuite name="Test Suite 02" tests="1" failures="0" errors="0" time="7.529" skipped="0" timestamp="21-06-2024T00:59:20" hostname="Loc.PhuTran - DESKTOP-KNAU10Q" id="Test Suites/API/Test Suite 02">
      <properties>
         <property name="deviceName" value=""/>
         <property name="devicePlatform"/>
         <property name="logFolder" value="D:\\Documents\\Certs\\Katalon\\katalon-loctran\\Reports\\20240621_005852\\API\\Test Suite 02\\20240621_005855"/>
         <property name="logFiles" value="D:\\Documents\\Certs\\Katalon\\katalon-loctran\\Reports\\20240621_005852\\API\\Test Suite 02\\20240621_005855\\execution0.log"/>
         <property name="attachments" value=""/>
         <property name="hostName" value="Loc.PhuTran - DESKTOP-KNAU10Q"/>
         <property name="os" value="Windows 10 64bit"/>
         <property name="katalonVersion" value="9.5.0.217"/>
         <property name="browser" value="Chrome 126.0.0.0"/>
         <property name="hostAddress" value="192.168.1.64"/>
         <property name="sessionId" value="5cd77c9908d579037bcc6f3bec1310b5"/>
         <property name="seleniumVersion" value="3.141.59"/>
         <property name="proxyInformation" value="ProxyInformation { proxyOption=NO_PROXY, proxyServerType=HTTP, username=, password=********, proxyServerAddress=, proxyServerPort=0, executionList=&quot;&quot;, isApplyToDesiredCapabilities=true }"/>
         <property name="platform" value="Windows 10"/>
      </properties>
      <testcase name="Test Cases/WEB/WEB02" time="7.15" classname="Test Cases/WEB/WEB02" status="PASSED">
         <system-out><![CDATA[21-06-2024T00:59:20 - [TEST_CASE][PASSED] - Test Cases/WEB/WEB02: Test Cases/WEB/WEB02

21-06-2024T00:59:21 - [TEST_STEP][PASSED] - openBrowser(""): Browser is opened with url: ''

21-06-2024T00:59:21 - [MESSAGE][INFO] - Starting 'Chrome' driver

21-06-2024T00:59:21 - [MESSAGE][INFO] - Action delay is set to 0 milliseconds

21-06-2024T00:59:24 - [MESSAGE][PASSED] - Browser is opened with url: ''

21-06-2024T00:59:24 - [TEST_STEP][PASSED] - navigateToUrl("https://katalon-demo-cura.herokuapp.com/"): Navigate to 'https://katalon-demo-cura.herokuapp.com/' successfully

21-06-2024T00:59:27 - [MESSAGE][PASSED] - Navigate to 'https://katalon-demo-cura.herokuapp.com/' successfully

21-06-2024T00:59:27 - [TEST_STEP][PASSED] - closeBrowser(): Browser is closed

21-06-2024T00:59:28 - [MESSAGE][PASSED] - Browser is closed]]></system-out>
         <system-err><![CDATA[]]></system-err>
      </testcase>
      <system-out><![CDATA[21-06-2024T00:59:20 - [TEST_SUITE][PASSED] - Test Suite 02: Test Cases/WEB/WEB02]]></system-out>
      <system-err><![CDATA[]]></system-err>
   </testsuite>
</testsuites>
