<?xml version="1.0" encoding="UTF-8"?>
<testsuites name="Test Suite 01" time="9.196" tests="1" failures="0" errors="0">
   <testsuite name="Test Suite 01" tests="1" failures="0" errors="0" time="9.196" skipped="0" timestamp="17-06-2024T01:59:29" hostname="Loc.PhuTran - DESKTOP-KNAU10Q" id="Test Suites/API/Test Suite 01">
      <properties>
         <property name="deviceName" value=""/>
         <property name="devicePlatform"/>
         <property name="logFolder" value="D:\\Documents\\Certs\\Katalon\\katalon-loctran\\Reports\\20240617_015910\\API\\Test Suite 01\\20240617_015923"/>
         <property name="logFiles" value="D:\\Documents\\Certs\\Katalon\\katalon-loctran\\Reports\\20240617_015910\\API\\Test Suite 01\\20240617_015923\\execution0.log"/>
         <property name="attachments" value=""/>
         <property name="hostName" value="Loc.PhuTran - DESKTOP-KNAU10Q"/>
         <property name="os" value="Windows 10 64bit"/>
         <property name="katalonVersion" value="9.6.0.217"/>
         <property name="browser" value="Chrome 125.0.0.0"/>
         <property name="hostAddress" value="192.168.1.64"/>
         <property name="sessionId" value="b89096ea0f8587f57fce13ceece66be6"/>
         <property name="seleniumVersion" value="3.141.59"/>
         <property name="proxyInformation" value="ProxyInformation { proxyOption=NO_PROXY, proxyServerType=HTTP, username=, password=********, proxyServerAddress=, proxyServerPort=0, executionList=&quot;&quot;, isApplyToDesiredCapabilities=true }"/>
         <property name="platform" value="Windows 10"/>
      </properties>
      <testcase name="Test Cases/WEB/WEB01" time="8.467" classname="Test Cases/WEB/WEB01" status="PASSED">
         <system-out><![CDATA[17-06-2024T01:59:30 - [TEST_CASE][PASSED] - Test Cases/WEB/WEB01: Test Cases/WEB/WEB01

17-06-2024T01:59:30 - [TEST_STEP][PASSED] - openBrowser(""): Browser is opened with url: ''

17-06-2024T01:59:31 - [MESSAGE][INFO] - Starting 'Chrome' driver

17-06-2024T01:59:31 - [MESSAGE][INFO] - Action delay is set to 0 milliseconds

17-06-2024T01:59:34 - [MESSAGE][PASSED] - Browser is opened with url: ''

17-06-2024T01:59:34 - [TEST_STEP][PASSED] - navigateToUrl("https://katalon-demo-cura.herokuapp.com/"): Navigate to 'https://katalon-demo-cura.herokuapp.com/' successfully

17-06-2024T01:59:38 - [MESSAGE][PASSED] - Navigate to 'https://katalon-demo-cura.herokuapp.com/' successfully

17-06-2024T01:59:38 - [TEST_STEP][PASSED] - closeBrowser(): Browser is closed

17-06-2024T01:59:38 - [MESSAGE][PASSED] - Browser is closed]]></system-out>
         <system-err><![CDATA[]]></system-err>
      </testcase>
      <system-out><![CDATA[17-06-2024T01:59:29 - [TEST_SUITE][PASSED] - Test Suite 01: Test Cases/WEB/WEB01]]></system-out>
      <system-err><![CDATA[]]></system-err>
   </testsuite>
</testsuites>
