<?xml version="1.0" encoding="UTF-8"?>
<testsuites name="Test Suite 01" time="11.236" tests="1" failures="0" errors="0">
   <testsuite name="Test Suite 01" tests="1" failures="0" errors="0" time="11.236" skipped="0" timestamp="17-06-2024T00:41:06" hostname="Loc.PhuTran - DESKTOP-KNAU10Q" id="Test Suites/API/Test Suite 01">
      <properties>
         <property name="deviceName" value=""/>
         <property name="devicePlatform"/>
         <property name="logFolder" value="D:\\Documents\\Certs\\Katalon\\katalon-loctran\\Reports\\20240617_004054\\API\\Test Suite 01\\20240617_004055"/>
         <property name="logFiles" value="D:\\Documents\\Certs\\Katalon\\katalon-loctran\\Reports\\20240617_004054\\API\\Test Suite 01\\20240617_004055\\execution0.log"/>
         <property name="attachments" value=""/>
         <property name="hostName" value="Loc.PhuTran - DESKTOP-KNAU10Q"/>
         <property name="os" value="Windows 10 64bit"/>
         <property name="katalonVersion" value="9.5.0.217"/>
         <property name="browser" value="Chrome 125.0.0.0"/>
         <property name="hostAddress" value="192.168.1.64"/>
         <property name="sessionId" value="0b263b79c5dc5806c35c8969da0365b4"/>
         <property name="seleniumVersion" value="3.141.59"/>
         <property name="proxyInformation" value="ProxyInformation { proxyOption=NO_PROXY, proxyServerType=HTTP, username=, password=********, proxyServerAddress=, proxyServerPort=0, executionList=&quot;&quot;, isApplyToDesiredCapabilities=true }"/>
         <property name="platform" value="Windows 10"/>
      </properties>
      <testcase name="Test Cases/WEB/WEB01" time="10.874" classname="Test Cases/WEB/WEB01" status="PASSED">
         <system-out><![CDATA[17-06-2024T00:41:07 - [TEST_CASE][PASSED] - Test Cases/WEB/WEB01: Test Cases/WEB/WEB01

17-06-2024T00:41:07 - [TEST_STEP][PASSED] - openBrowser(""): Browser is opened with url: ''

17-06-2024T00:41:08 - [MESSAGE][INFO] - Starting 'Chrome' driver

17-06-2024T00:41:08 - [MESSAGE][INFO] - Action delay is set to 0 milliseconds

17-06-2024T00:41:11 - [MESSAGE][PASSED] - Browser is opened with url: ''

17-06-2024T00:41:11 - [TEST_STEP][PASSED] - navigateToUrl("https://katalon-demo-cura.herokuapp.com/"): Navigate to 'https://katalon-demo-cura.herokuapp.com/' successfully

17-06-2024T00:41:17 - [MESSAGE][PASSED] - Navigate to 'https://katalon-demo-cura.herokuapp.com/' successfully

17-06-2024T00:41:17 - [TEST_STEP][PASSED] - closeBrowser(): Browser is closed

17-06-2024T00:41:17 - [MESSAGE][PASSED] - Browser is closed]]></system-out>
         <system-err><![CDATA[]]></system-err>
      </testcase>
      <system-out><![CDATA[17-06-2024T00:41:06 - [TEST_SUITE][PASSED] - Test Suite 01: Test Cases/WEB/WEB01]]></system-out>
      <system-err><![CDATA[]]></system-err>
   </testsuite>
</testsuites>
