<?xml version="1.0" encoding="UTF-8"?>
<testsuites name="Test Suite 01" time="5.662" tests="1" failures="0" errors="0">
   <testsuite name="Test Suite 01" tests="1" failures="0" errors="0" time="5.662" skipped="0" timestamp="16-06-2024T23:40:17" hostname="Loc.PhuTran - DESKTOP-KNAU10Q" id="Test Suites/API/Test Suite 01">
      <properties>
         <property name="deviceName" value=""/>
         <property name="devicePlatform"/>
         <property name="logFolder" value="D:\\Documents\\Certs\\Katalon\\katalon-loctran\\Reports\\20240616_234009\\API\\Test Suite 01\\20240616_234009"/>
         <property name="logFiles" value="D:\\Documents\\Certs\\Katalon\\katalon-loctran\\Reports\\20240616_234009\\API\\Test Suite 01\\20240616_234009\\execution0.log"/>
         <property name="attachments" value=""/>
         <property name="hostName" value="Loc.PhuTran - DESKTOP-KNAU10Q"/>
         <property name="hostAddress" value="192.168.1.64"/>
         <property name="os" value="Windows 10 64bit"/>
         <property name="katalonVersion" value="9.5.0.217"/>
      </properties>
      <testcase name="Test Cases/API/API01" time="5.179" classname="Test Cases/API/API01" status="PASSED">
         <system-out><![CDATA[16-06-2024T23:40:18 - [TEST_CASE][PASSED] - Test Cases/API/API01: Test Cases/API/API01

16-06-2024T23:40:18 - [TEST_STEP][PASSED] - sendRequest(findTestObject("API/Get User")): Send request successfully

16-06-2024T23:40:23 - [MESSAGE][INFO] - HAR: D:\Documents\Certs\Katalon\katalon-loctran\Reports\20240616_234009\API\Test Suite 01\20240616_234009\requests\main\0.har

16-06-2024T23:40:23 - [MESSAGE][PASSED] - Send request successfully]]></system-out>
         <system-err><![CDATA[]]></system-err>
      </testcase>
      <system-out><![CDATA[16-06-2024T23:40:17 - [TEST_SUITE][PASSED] - Test Suite 01: Test Cases/API/API01]]></system-out>
      <system-err><![CDATA[]]></system-err>
   </testsuite>
</testsuites>
