<?xml version="1.0" encoding="UTF-8"?>
<testsuites name="Test Suite Visual" time="39.807" tests="1" failures="0" errors="0">
   <testsuite name="Test Suite Visual" tests="1" failures="0" errors="0" time="39.807" skipped="0" timestamp="19-06-2024T00:37:08" hostname="Loc.PhuTran - DESKTOP-KNAU10Q" id="Test Suites/API/Test Suite Visual">
      <properties>
         <property name="deviceName" value=""/>
         <property name="devicePlatform"/>
         <property name="logFolder" value="D:\\Documents\\Certs\\Katalon\\katalon-loctran\\Reports\\20240619_003643\\API\\Test Suite Visual\\20240619_003643"/>
         <property name="logFiles" value="D:\\Documents\\Certs\\Katalon\\katalon-loctran\\Reports\\20240619_003643\\API\\Test Suite Visual\\20240619_003643\\execution0.log"/>
         <property name="attachments" value="D:\Documents\Certs\Katalon\katalon-loctran\Reports\20240619_003643\API\Test Suite Visual\20240619_003643\keyes\keyes-advertisements.png"/>
         <property name="hostName" value="Loc.PhuTran - DESKTOP-KNAU10Q"/>
         <property name="os" value="Windows 10 64bit"/>
         <property name="katalonVersion" value="9.5.0.217"/>
         <property name="browser" value="Chrome 125.0.0.0"/>
         <property name="hostAddress" value="192.168.1.64"/>
         <property name="sessionId" value="0933f8dffdb30072697eccfc4f190e58"/>
         <property name="seleniumVersion" value="3.141.59"/>
         <property name="proxyInformation" value="ProxyInformation { proxyOption=NO_PROXY, proxyServerType=HTTP, username=, password=********, proxyServerAddress=, proxyServerPort=0, executionList=&quot;&quot;, isApplyToDesiredCapabilities=true }"/>
         <property name="platform" value="Windows 10"/>
      </properties>
      <testcase name="Test Cases/WEB/Visual Checkpoints" time="38.538" classname="Test Cases/WEB/Visual Checkpoints" status="PASSED">
         <system-out><![CDATA[19-06-2024T00:37:09 - [TEST_CASE][PASSED] - Test Cases/WEB/Visual Checkpoints: Test Cases/WEB/Visual Checkpoints

19-06-2024T00:37:11 - [TEST_STEP][PASSED] - openBrowser(""): Browser is opened with url: ''

19-06-2024T00:37:13 - [MESSAGE][INFO] - Starting 'Chrome' driver

19-06-2024T00:37:13 - [MESSAGE][INFO] - Action delay is set to 0 milliseconds

19-06-2024T00:37:20 - [MESSAGE][PASSED] - Browser is opened with url: ''

19-06-2024T00:37:20 - [TEST_STEP][PASSED] - navigateToUrl("https://katalon-demo-cura.herokuapp.com/"): Navigate to 'https://katalon-demo-cura.herokuapp.com/' successfully

19-06-2024T00:37:23 - [MESSAGE][PASSED] - Navigate to 'https://katalon-demo-cura.herokuapp.com/' successfully

19-06-2024T00:37:24 - [TEST_STEP][PASSED] - click(findTestObject("Object Repository/Page_CURA Healthcare Service/a_Make Appointment")): Object: 'Object Repository/Page_CURA Healthcare Service/a_Make Appointment' is clicked on

19-06-2024T00:37:28 - [MESSAGE][PASSED] - Object: 'Object Repository/Page_CURA Healthcare Service/a_Make Appointment' is clicked on

19-06-2024T00:37:28 - [TEST_STEP][PASSED] - setText(findTestObject("Object Repository/Page_CURA Healthcare Service/input_Username_username"), "John Doe"): Text 'John Doe' is set on object 'Object Repository/Page_CURA Healthcare Service/input_Username_username'

19-06-2024T00:37:30 - [MESSAGE][PASSED] - Text 'John Doe' is set on object 'Object Repository/Page_CURA Healthcare Service/input_Username_username'

19-06-2024T00:37:30 - [TEST_STEP][PASSED] - doubleClick(findTestObject("Object Repository/Page_CURA Healthcare Service/input_Demo account_form-control")): Object: 'Object Repository/Page_CURA Healthcare Service/input_Demo account_form-control' is double clicked on

19-06-2024T00:37:31 - [MESSAGE][PASSED] - Object: 'Object Repository/Page_CURA Healthcare Service/input_Demo account_form-control' is double clicked on

19-06-2024T00:37:31 - [TEST_STEP][PASSED] - setEncryptedText(findTestObject("Object Repository/Page_CURA Healthcare Service/input_Password_password"), "g3/DOGG74jC3Flrr3yH+3D/yKbOqqUNM"): Text ****** has been set on object 'Object Repository/Page_CURA Healthcare Service/input_Password_password'

19-06-2024T00:37:33 - [MESSAGE][PASSED] - Text ****** has been set on object 'Object Repository/Page_CURA Healthcare Service/input_Password_password'

19-06-2024T00:37:33 - [TEST_STEP][PASSED] - click(findTestObject("Object Repository/Page_CURA Healthcare Service/button_Login")): Object: 'Object Repository/Page_CURA Healthcare Service/button_Login' is clicked on

19-06-2024T00:37:35 - [MESSAGE][PASSED] - Object: 'Object Repository/Page_CURA Healthcare Service/button_Login' is clicked on

19-06-2024T00:37:35 - [TEST_STEP][PASSED] - selectOptionByValue(findTestObject("Object Repository/Page_CURA Healthcare Service/select_Tokyo CURA Healthcare Center        _5b4107"), "Hongkong CURA Healthcare Center", true): All options with value 'Hongkong CURA Healthcare Center' are selected in object 'Object Repository/Page_CURA Healthcare Service/select_Tokyo CURA Healthcare Center        _5b4107'  using regular expression

19-06-2024T00:37:37 - [MESSAGE][PASSED] - All options with value 'Hongkong CURA Healthcare Center' are selected in object 'Object Repository/Page_CURA Healthcare Service/select_Tokyo CURA Healthcare Center        _5b4107'  using regular expression

19-06-2024T00:37:37 - [TEST_STEP][PASSED] - click(findTestObject("Object Repository/Page_CURA Healthcare Service/label_Apply for hospital readmission")): Object: 'Object Repository/Page_CURA Healthcare Service/label_Apply for hospital readmission' is clicked on

19-06-2024T00:37:38 - [MESSAGE][PASSED] - Object: 'Object Repository/Page_CURA Healthcare Service/label_Apply for hospital readmission' is clicked on

19-06-2024T00:37:38 - [TEST_STEP][PASSED] - doubleClick(findTestObject("Object Repository/Page_CURA Healthcare Service/input_Medicaid_programs")): Object: 'Object Repository/Page_CURA Healthcare Service/input_Medicaid_programs' is double clicked on

19-06-2024T00:37:39 - [MESSAGE][PASSED] - Object: 'Object Repository/Page_CURA Healthcare Service/input_Medicaid_programs' is double clicked on

19-06-2024T00:37:39 - [TEST_STEP][PASSED] - click(findTestObject("Object Repository/Page_CURA Healthcare Service/input_Visit Date (Required)_visit_date")): Object: 'Object Repository/Page_CURA Healthcare Service/input_Visit Date (Required)_visit_date' is clicked on

19-06-2024T00:37:40 - [MESSAGE][PASSED] - Object: 'Object Repository/Page_CURA Healthcare Service/input_Visit Date (Required)_visit_date' is clicked on

19-06-2024T00:37:40 - [TEST_STEP][PASSED] - click(findTestObject("Object Repository/Page_CURA Healthcare Service/td_20")): Object: 'Object Repository/Page_CURA Healthcare Service/td_20' is clicked on

19-06-2024T00:37:41 - [MESSAGE][PASSED] - Object: 'Object Repository/Page_CURA Healthcare Service/td_20' is clicked on

19-06-2024T00:37:41 - [TEST_STEP][PASSED] - setText(findTestObject("Object Repository/Page_CURA Healthcare Service/textarea_Comment_comment"), "Test"): Text 'Test' is set on object 'Object Repository/Page_CURA Healthcare Service/textarea_Comment_comment'

19-06-2024T00:37:43 - [MESSAGE][PASSED] - Text 'Test' is set on object 'Object Repository/Page_CURA Healthcare Service/textarea_Comment_comment'

19-06-2024T00:37:43 - [TEST_STEP][PASSED] - click(findTestObject("Object Repository/Page_CURA Healthcare Service/button_Book Appointment")): Object: 'Object Repository/Page_CURA Healthcare Service/button_Book Appointment' is clicked on

19-06-2024T00:37:46 - [MESSAGE][PASSED] - Object: 'Object Repository/Page_CURA Healthcare Service/button_Book Appointment' is clicked on

19-06-2024T00:37:46 - [TEST_STEP][PASSED] - takeAreaScreenshotAsCheckpoint("advertisements", new org.openqa.selenium.Rectangle(50, 25, 150, 100)): Taking screenshot successfully

19-06-2024T00:37:48 - [MESSAGE][INFO] - 0 hidden object(s)

19-06-2024T00:37:48 - [MESSAGE][PASSED] - Taking screenshot successfully
[[ATTACHMENT|D:\Documents\Certs\Katalon\katalon-loctran\Reports\20240619_003643\API\Test Suite Visual\20240619_003643\keyes\keyes-advertisements.png]]]]></system-out>
         <system-err><![CDATA[]]></system-err>
      </testcase>
      <system-out><![CDATA[19-06-2024T00:37:08 - [TEST_SUITE][PASSED] - Test Suite Visual: Test Cases/WEB/Visual Checkpoints]]></system-out>
      <system-err><![CDATA[]]></system-err>
   </testsuite>
</testsuites>
